Not Found: /static/css/font-awesome.min.css
Not Found: /static/css/animate.css
Not Found: /static/css/style.css
Not Found: /static/css/bootstrap.css
Not Found: /static/css/swipebox.css
Not Found: /static/css/bootsnav.css
Not Found: /static/css/header.css
Not Found: /static/js/jquery.min.js
Not Found: /static/js/bootstrap.js
Not Found: /static/js/bootsnav.js
Not Found: /static/js/banner.js
Not Found: /static/js/script.js
Not Found: /static/js/jquery.swipebox.js
Not Found: /static/images/logos/logo_backup_green_og.png
Not Found: /static/images/header_image.jpg
Not Found: /static/images/g1.png
Not Found: /static/images/g2.png
Not Found: /static/images/community01.png
Not Found: /static/images/donate_01.png
Not Found: /static/images/act-bg_01.png
Not Found: /static/images/gallery1.jpg
Not Found: /static/images/gallery2.jpg
Not Found: /static/images/gallery4.jpg
Not Found: /static/images/gallery3.jpg
Not Found: /static/images/gallery5.jpg
Not Found: /static/images/gallery6.jpg
Not Found: /static/images/mov_bbb.mp4
Not Found: /static/images/gallery1.jpg
Not Found: /static/images/gallery2.jpg
Not Found: /static/images/gallery4.jpg
Not Found: /static/images/gallery3.jpg
Not Found: /static/images/gallery5.jpg
Not Found: /static/images/gallery6.jpg
Not Found: /favicon.ico
Not Found: /static/images/gallery1.jpg
Not Found: /static/images/gallery3.jpg
Not Found: /static/images/gallery2.jpg
Not Found: /static/images/gallery4.jpg
Not Found: /static/images/gallery5.jpg
Not Found: /static/images/gallery6.jpg
Not Found: /static/images/gallery1.jpg
Not Found: /static/images/gallery5.jpg
Not Found: /static/images/gallery4.jpg
Not Found: /static/images/gallery3.jpg
Not Found: /static/images/gallery2.jpg
Not Found: /static/images/gallery6.jpg
Not Found: /static/css/bootstrap.css.map
